[2020-12-29 23:23:07] local.ERROR: View [welcome] not found. {"exception":"[object] (InvalidArgumentException(code: 0): View [welcome] not found. at /mnt/e/IT PROJECT/FinalProject/vendor/laravel/framework/src/Illuminate/View/FileViewFinder.php:137)
[stacktrace]
#0 /mnt/e/IT PROJECT/FinalProject/vendor/laravel/framework/src/Illuminate/View/FileViewFinder.php(79): Illuminate\\View\\FileViewFinder->findInPaths()
#1 /mnt/e/IT PROJECT/FinalProject/vendor/laravel/framework/src/Illuminate/View/Factory.php(130): Illuminate\\View\\FileViewFinder->find()
#2 /mnt/e/IT PROJECT/FinalProject/vendor/laravel/framework/src/Illuminate/Foundation/helpers.php(968): Illuminate\\View\\Factory->make()
#3 /mnt/e/IT PROJECT/FinalProject/routes/web.php(20): view()
#4 /mnt/e/IT PROJECT/FinalProject/vendor/laravel/framework/src/Illuminate/Routing/Route.php(205): Illuminate\\Routing\\RouteFileRegistrar->{closure}()
#5 /mnt/e/IT PROJECT/FinalProject/vendor/laravel/framework/src/Illuminate/Routing/Route.php(179): Illuminate\\Routing\\Route->runCallable()
#6 /mnt/e/IT PROJECT/FinalProject/vendor/laravel/framework/src/Illuminate/Routing/Router.php(680): Illuminate\\Routing\\Route->run()
#7 /mnt/e/IT PROJECT/FinalProject/vendor/laravel/framework/src/Illuminate/Routing/Pipeline.php(30): Illuminate\\Routing\\Router->Illuminate\\Routing\\{closure}()
#8 /mnt/e/IT PROJECT/FinalProject/vendor/laravel/framework/src/Illuminate/Routing/Middleware/SubstituteBindings.php(41): Illuminate\\Routing\\Pipeline->Illuminate\\Routing\\{closure}()
#9 /mnt/e/IT PROJECT/FinalProject/vendor/laravel/framework/src/Illuminate/Pipeline/Pipeline.php(163): Illuminate\\Routing\\Middleware\\SubstituteBindings->handle()
#10 /mnt/e/IT PROJECT/FinalProject/vendor/laravel/framework/src/Illuminate/Routing/Pipeline.php(53): Illuminate\\Pipeline\\Pipeline->Illuminate\\Pipeline\\{closure}()
#11 /mnt/e/IT PROJECT/FinalProject/vendor/laravel/framework/src/Illuminate/Foundation/Http/Middleware/VerifyCsrfToken.php(75): Illuminate\\Routing\\Pipeline->Illuminate\\Routing\\{closure}()
#12 /mnt/e/IT PROJECT/FinalProject/vendor/laravel/framework/src/Illuminate/Pipeline/Pipeline.php(163): Illuminate\\Foundation\\Http\\Middleware\\VerifyCsrfToken->handle()
#13 /mnt/e/IT PROJECT/FinalProject/vendor/laravel/framework/src/Illuminate/Routing/Pipeline.php(53): Illuminate\\Pipeline\\Pipeline->Illuminate\\Pipeline\\{closure}()
#14 /mnt/e/IT PROJECT/FinalProject/vendor/laravel/framework/src/Illuminate/View/Middleware/ShareErrorsFromSession.php(49): Illuminate\\Routing\\Pipeline->Illuminate\\Routing\\{closure}()
#15 /mnt/e/IT PROJECT/FinalProject/vendor/laravel/framework/src/Illuminate/Pipeline/Pipeline.php(163): Illuminate\\View\\Middleware\\ShareErrorsFromSession->handle()
#16 /mnt/e/IT PROJECT/FinalProject/vendor/laravel/framework/src/Illuminate/Routing/Pipeline.php(53): Illuminate\\Pipeline\\Pipeline->Illuminate\\Pipeline\\{closure}()
#17 /mnt/e/IT PROJECT/FinalProject/vendor/laravel/framework/src/Illuminate/Session/Middleware/StartSession.php(56): Illuminate\\Routing\\Pipeline->Illuminate\\Routing\\{closure}()
#18 /mnt/e/IT PROJECT/FinalProject/vendor/laravel/framework/src/Illuminate/Pipeline/Pipeline.php(163): Illuminate\\Session\\Middleware\\StartSession->handle()
#19 /mnt/e/IT PROJECT/FinalProject/vendor/laravel/framework/src/Illuminate/Routing/Pipeline.php(53): Illuminate\\Pipeline\\Pipeline->Illuminate\\Pipeline\\{closure}()
#20 /mnt/e/IT PROJECT/FinalProject/vendor/laravel/framework/src/Illuminate/Cookie/Middleware/AddQueuedCookiesToResponse.php(37): Illuminate\\Routing\\Pipeline->Illuminate\\Routing\\{closure}()
#21 /mnt/e/IT PROJECT/FinalProject/vendor/laravel/framework/src/Illuminate/Pipeline/Pipeline.php(163): Illuminate\\Cookie\\Middleware\\AddQueuedCookiesToResponse->handle()
#22 /mnt/e/IT PROJECT/FinalProject/vendor/laravel/framework/src/Illuminate/Routing/Pipeline.php(53): Illuminate\\Pipeline\\Pipeline->Illuminate\\Pipeline\\{closure}()
#23 /mnt/e/IT PROJECT/FinalProject/vendor/laravel/framework/src/Illuminate/Cookie/Middleware/EncryptCookies.php(66): Illuminate\\Routing\\Pipeline->Illuminate\\Routing\\{closure}()
#24 /mnt/e/IT PROJECT/FinalProject/vendor/laravel/framework/src/Illuminate/Pipeline/Pipeline.php(163): Illuminate\\Cookie\\Middleware\\EncryptCookies->handle()
#25 /mnt/e/IT PROJECT/FinalProject/vendor/laravel/framework/src/Illuminate/Routing/Pipeline.php(53): Illuminate\\Pipeline\\Pipeline->Illuminate\\Pipeline\\{closure}()
#26 /mnt/e/IT PROJECT/FinalProject/vendor/laravel/framework/src/Illuminate/Pipeline/Pipeline.php(104): Illuminate\\Routing\\Pipeline->Illuminate\\Routing\\{closure}()
#27 /mnt/e/IT PROJECT/FinalProject/vendor/laravel/framework/src/Illuminate/Routing/Router.php(682): Illuminate\\Pipeline\\Pipeline->then()
#28 /mnt/e/IT PROJECT/FinalProject/vendor/laravel/framework/src/Illuminate/Routing/Router.php(657): Illuminate\\Routing\\Router->runRouteWithinStack()
#29 /mnt/e/IT PROJECT/FinalProject/vendor/laravel/framework/src/Illuminate/Routing/Router.php(623): Illuminate\\Routing\\Router->runRoute()
#30 /mnt/e/IT PROJECT/FinalProject/vendor/laravel/framework/src/Illuminate/Routing/Router.php(612): Illuminate\\Routing\\Router->dispatchToRoute()
#31 /mnt/e/IT PROJECT/FinalProject/vendor/laravel/framework/src/Illuminate/Foundation/Http/Kernel.php(176): Illuminate\\Routing\\Router->dispatch()
#32 /mnt/e/IT PROJECT/FinalProject/vendor/laravel/framework/src/Illuminate/Routing/Pipeline.php(30): Illuminate\\Foundation\\Http\\Kernel->Illuminate\\Foundation\\Http\\{closure}()
#33 /mnt/e/IT PROJECT/FinalProject/vendor/fideloper/proxy/src/TrustProxies.php(57): Illuminate\\Routing\\Pipeline->Illuminate\\Routing\\{closure}()
#34 /mnt/e/IT PROJECT/FinalProject/vendor/laravel/framework/src/Illuminate/Pipeline/Pipeline.php(163): Fideloper\\Proxy\\TrustProxies->handle()
#35 /mnt/e/IT PROJECT/FinalProject/vendor/laravel/framework/src/Illuminate/Routing/Pipeline.php(53): Illuminate\\Pipeline\\Pipeline->Illuminate\\Pipeline\\{closure}()
#36 /mnt/e/IT PROJECT/FinalProject/vendor/laravel/framework/src/Illuminate/Foundation/Http/Middleware/TransformsRequest.php(21): Illuminate\\Routing\\Pipeline->Illuminate\\Routing\\{closure}()
#37 /mnt/e/IT PROJECT/FinalProject/vendor/laravel/framework/src/Illuminate/Pipeline/Pipeline.php(163): Illuminate\\Foundation\\Http\\Middleware\\TransformsRequest->handle()
#38 /mnt/e/IT PROJECT/FinalProject/vendor/laravel/framework/src/Illuminate/Routing/Pipeline.php(53): Illuminate\\Pipeline\\Pipeline->Illuminate\\Pipeline\\{closure}()
#39 /mnt/e/IT PROJECT/FinalProject/vendor/laravel/framework/src/Illuminate/Foundation/Http/Middleware/TransformsRequest.php(21): Illuminate\\Routing\\Pipeline->Illuminate\\Routing\\{closure}()
#40 /mnt/e/IT PROJECT/FinalProject/vendor/laravel/framework/src/Illuminate/Pipeline/Pipeline.php(163): Illuminate\\Foundation\\Http\\Middleware\\TransformsRequest->handle()
#41 /mnt/e/IT PROJECT/FinalProject/vendor/laravel/framework/src/Illuminate/Routing/Pipeline.php(53): Illuminate\\Pipeline\\Pipeline->Illuminate\\Pipeline\\{closure}()
#42 /mnt/e/IT PROJECT/FinalProject/vendor/laravel/framework/src/Illuminate/Foundation/Http/Middleware/ValidatePostSize.php(27): Illuminate\\Routing\\Pipeline->Illuminate\\Routing\\{closure}()
#43 /mnt/e/IT PROJECT/FinalProject/vendor/laravel/framework/src/Illuminate/Pipeline/Pipeline.php(163): Illuminate\\Foundation\\Http\\Middleware\\ValidatePostSize->handle()
#44 /mnt/e/IT PROJECT/FinalProject/vendor/laravel/framework/src/Illuminate/Routing/Pipeline.php(53): Illuminate\\Pipeline\\Pipeline->Illuminate\\Pipeline\\{closure}()
#45 /mnt/e/IT PROJECT/FinalProject/vendor/laravel/framework/src/Illuminate/Foundation/Http/Middleware/CheckForMaintenanceMode.php(62): Illuminate\\Routing\\Pipeline->Illuminate\\Routing\\{closure}()
#46 /mnt/e/IT PROJECT/FinalProject/vendor/laravel/framework/src/Illuminate/Pipeline/Pipeline.php(163): Illuminate\\Foundation\\Http\\Middleware\\CheckForMaintenanceMode->handle()
#47 /mnt/e/IT PROJECT/FinalProject/vendor/laravel/framework/src/Illuminate/Routing/Pipeline.php(53): Illuminate\\Pipeline\\Pipeline->Illuminate\\Pipeline\\{closure}()
#48 /mnt/e/IT PROJECT/FinalProject/vendor/laravel/framework/src/Illuminate/Pipeline/Pipeline.php(104): Illuminate\\Routing\\Pipeline->Illuminate\\Routing\\{closure}()
#49 /mnt/e/IT PROJECT/FinalProject/vendor/laravel/framework/src/Illuminate/Foundation/Http/Kernel.php(151): Illuminate\\Pipeline\\Pipeline->then()
#50 /mnt/e/IT PROJECT/FinalProject/vendor/laravel/framework/src/Illuminate/Foundation/Http/Kernel.php(116): Illuminate\\Foundation\\Http\\Kernel->sendRequestThroughRouter()
#51 /mnt/e/IT PROJECT/FinalProject/public/index.php(55): Illuminate\\Foundation\\Http\\Kernel->handle()
#52 /mnt/e/IT PROJECT/FinalProject/server.php(21): require_once('/mnt/e/IT PROJE...')
#53 {main}
"} 
[2020-12-29 23:23:08] local.ERROR: file_put_contents(E:\IT PROJECT\FinalProject\storage\framework/sessions/T45HNRnWJrKs1dE0LkcAe0JYcbPnvZBnVtKlyQVX): failed to open stream: No such file or directory {"exception":"[object] (ErrorException(code: 0): file_put_contents(E:\\IT PROJECT\\FinalProject\\storage\\framework/sessions/T45HNRnWJrKs1dE0LkcAe0JYcbPnvZBnVtKlyQVX): failed to open stream: No such file or directory at /mnt/e/IT PROJECT/FinalProject/vendor/laravel/framework/src/Illuminate/Filesystem/Filesystem.php:122)
[stacktrace]
#0 [internal function]: Illuminate\\Foundation\\Bootstrap\\HandleExceptions->handleError()
#1 /mnt/e/IT PROJECT/FinalProject/vendor/laravel/framework/src/Illuminate/Filesystem/Filesystem.php(122): file_put_contents()
#2 /mnt/e/IT PROJECT/FinalProject/vendor/laravel/framework/src/Illuminate/Session/FileSessionHandler.php(83): Illuminate\\Filesystem\\Filesystem->put()
#3 /mnt/e/IT PROJECT/FinalProject/vendor/laravel/framework/src/Illuminate/Session/Store.php(129): Illuminate\\Session\\FileSessionHandler->write()
#4 /mnt/e/IT PROJECT/FinalProject/vendor/laravel/framework/src/Illuminate/Session/Middleware/StartSession.php(170): Illuminate\\Session\\Store->save()
#5 /mnt/e/IT PROJECT/FinalProject/vendor/laravel/framework/src/Illuminate/Session/Middleware/StartSession.php(65): Illuminate\\Session\\Middleware\\StartSession->saveSession()
#6 /mnt/e/IT PROJECT/FinalProject/vendor/laravel/framework/src/Illuminate/Pipeline/Pipeline.php(163): Illuminate\\Session\\Middleware\\StartSession->handle()
#7 /mnt/e/IT PROJECT/FinalProject/vendor/laravel/framework/src/Illuminate/Routing/Pipeline.php(53): Illuminate\\Pipeline\\Pipeline->Illuminate\\Pipeline\\{closure}()
#8 /mnt/e/IT PROJECT/FinalProject/vendor/laravel/framework/src/Illuminate/Cookie/Middleware/AddQueuedCookiesToResponse.php(37): Illuminate\\Routing\\Pipeline->Illuminate\\Routing\\{closure}()
#9 /mnt/e/IT PROJECT/FinalProject/vendor/laravel/framework/src/Illuminate/Pipeline/Pipeline.php(163): Illuminate\\Cookie\\Middleware\\AddQueuedCookiesToResponse->handle()
#10 /mnt/e/IT PROJECT/FinalProject/vendor/laravel/framework/src/Illuminate/Routing/Pipeline.php(53): Illuminate\\Pipeline\\Pipeline->Illuminate\\Pipeline\\{closure}()
#11 /mnt/e/IT PROJECT/FinalProject/vendor/laravel/framework/src/Illuminate/Cookie/Middleware/EncryptCookies.php(66): Illuminate\\Routing\\Pipeline->Illuminate\\Routing\\{closure}()
#12 /mnt/e/IT PROJECT/FinalProject/vendor/laravel/framework/src/Illuminate/Pipeline/Pipeline.php(163): Illuminate\\Cookie\\Middleware\\EncryptCookies->handle()
#13 /mnt/e/IT PROJECT/FinalProject/vendor/laravel/framework/src/Illuminate/Routing/Pipeline.php(53): Illuminate\\Pipeline\\Pipeline->Illuminate\\Pipeline\\{closure}()
#14 /mnt/e/IT PROJECT/FinalProject/vendor/laravel/framework/src/Illuminate/Pipeline/Pipeline.php(104): Illuminate\\Routing\\Pipeline->Illuminate\\Routing\\{closure}()
#15 /mnt/e/IT PROJECT/FinalProject/vendor/laravel/framework/src/Illuminate/Routing/Router.php(682): Illuminate\\Pipeline\\Pipeline->then()
#16 /mnt/e/IT PROJECT/FinalProject/vendor/laravel/framework/src/Illuminate/Routing/Router.php(657): Illuminate\\Routing\\Router->runRouteWithinStack()
#17 /mnt/e/IT PROJECT/FinalProject/vendor/laravel/framework/src/Illuminate/Routing/Router.php(623): Illuminate\\Routing\\Router->runRoute()
#18 /mnt/e/IT PROJECT/FinalProject/vendor/laravel/framework/src/Illuminate/Routing/Router.php(612): Illuminate\\Routing\\Router->dispatchToRoute()
#19 /mnt/e/IT PROJECT/FinalProject/vendor/laravel/framework/src/Illuminate/Foundation/Http/Kernel.php(176): Illuminate\\Routing\\Router->dispatch()
#20 /mnt/e/IT PROJECT/FinalProject/vendor/laravel/framework/src/Illuminate/Routing/Pipeline.php(30): Illuminate\\Foundation\\Http\\Kernel->Illuminate\\Foundation\\Http\\{closure}()
#21 /mnt/e/IT PROJECT/FinalProject/vendor/fideloper/proxy/src/TrustProxies.php(57): Illuminate\\Routing\\Pipeline->Illuminate\\Routing\\{closure}()
#22 /mnt/e/IT PROJECT/FinalProject/vendor/laravel/framework/src/Illuminate/Pipeline/Pipeline.php(163): Fideloper\\Proxy\\TrustProxies->handle()
#23 /mnt/e/IT PROJECT/FinalProject/vendor/laravel/framework/src/Illuminate/Routing/Pipeline.php(53): Illuminate\\Pipeline\\Pipeline->Illuminate\\Pipeline\\{closure}()
#24 /mnt/e/IT PROJECT/FinalProject/vendor/laravel/framework/src/Illuminate/Foundation/Http/Middleware/TransformsRequest.php(21): Illuminate\\Routing\\Pipeline->Illuminate\\Routing\\{closure}()
#25 /mnt/e/IT PROJECT/FinalProject/vendor/laravel/framework/src/Illuminate/Pipeline/Pipeline.php(163): Illuminate\\Foundation\\Http\\Middleware\\TransformsRequest->handle()
#26 /mnt/e/IT PROJECT/FinalProject/vendor/laravel/framework/src/Illuminate/Routing/Pipeline.php(53): Illuminate\\Pipeline\\Pipeline->Illuminate\\Pipeline\\{closure}()
#27 /mnt/e/IT PROJECT/FinalProject/vendor/laravel/framework/src/Illuminate/Foundation/Http/Middleware/TransformsRequest.php(21): Illuminate\\Routing\\Pipeline->Illuminate\\Routing\\{closure}()
#28 /mnt/e/IT PROJECT/FinalProject/vendor/laravel/framework/src/Illuminate/Pipeline/Pipeline.php(163): Illuminate\\Foundation\\Http\\Middleware\\TransformsRequest->handle()
#29 /mnt/e/IT PROJECT/FinalProject/vendor/laravel/framework/src/Illuminate/Routing/Pipeline.php(53): Illuminate\\Pipeline\\Pipeline->Illuminate\\Pipeline\\{closure}()
#30 /mnt/e/IT PROJECT/FinalProject/vendor/laravel/framework/src/Illuminate/Foundation/Http/Middleware/ValidatePostSize.php(27): Illuminate\\Routing\\Pipeline->Illuminate\\Routing\\{closure}()
#31 /mnt/e/IT PROJECT/FinalProject/vendor/laravel/framework/src/Illuminate/Pipeline/Pipeline.php(163): Illuminate\\Foundation\\Http\\Middleware\\ValidatePostSize->handle()
#32 /mnt/e/IT PROJECT/FinalProject/vendor/laravel/framework/src/Illuminate/Routing/Pipeline.php(53): Illuminate\\Pipeline\\Pipeline->Illuminate\\Pipeline\\{closure}()
#33 /mnt/e/IT PROJECT/FinalProject/vendor/laravel/framework/src/Illuminate/Foundation/Http/Middleware/CheckForMaintenanceMode.php(62): Illuminate\\Routing\\Pipeline->Illuminate\\Routing\\{closure}()
#34 /mnt/e/IT PROJECT/FinalProject/vendor/laravel/framework/src/Illuminate/Pipeline/Pipeline.php(163): Illuminate\\Foundation\\Http\\Middleware\\CheckForMaintenanceMode->handle()
#35 /mnt/e/IT PROJECT/FinalProject/vendor/laravel/framework/src/Illuminate/Routing/Pipeline.php(53): Illuminate\\Pipeline\\Pipeline->Illuminate\\Pipeline\\{closure}()
#36 /mnt/e/IT PROJECT/FinalProject/vendor/laravel/framework/src/Illuminate/Pipeline/Pipeline.php(104): Illuminate\\Routing\\Pipeline->Illuminate\\Routing\\{closure}()
#37 /mnt/e/IT PROJECT/FinalProject/vendor/laravel/framework/src/Illuminate/Foundation/Http/Kernel.php(151): Illuminate\\Pipeline\\Pipeline->then()
#38 /mnt/e/IT PROJECT/FinalProject/vendor/laravel/framework/src/Illuminate/Foundation/Http/Kernel.php(116): Illuminate\\Foundation\\Http\\Kernel->sendRequestThroughRouter()
#39 /mnt/e/IT PROJECT/FinalProject/public/index.php(55): Illuminate\\Foundation\\Http\\Kernel->handle()
#40 /mnt/e/IT PROJECT/FinalProject/server.php(21): require_once('/mnt/e/IT PROJE...')
#41 {main}
"} 
